{"contracts\\Token.sol":{"l":{"26":3,"27":3,"28":3,"29":3,"31":3,"33":3,"34":3,"35":3,"37":3,"43":4,"45":4,"47":4,"49":3,"52":3,"54":3,"55":3,"56":3},"path":"C:\\Users\\Mayank\\OneDrive\\Desktop\\Workspace\\CourseWork\\Crypto\\DutchAuction\\v1\\contracts\\Token.sol","s":{"1":4,"2":4,"3":3,"4":3},"b":{"1":[4,0],"2":[3,1],"3":[3,0],"4":[3,0]},"f":{"1":3,"2":4},"fnMap":{"1":{"name":"constructor","line":25,"loc":{"start":{"line":25,"column":4},"end":{"line":40,"column":4}}},"2":{"name":"bid","line":42,"loc":{"start":{"line":42,"column":4},"end":{"line":60,"column":4}}}},"statementMap":{"1":{"start":{"line":43,"column":8},"end":{"line":43,"column":75}},"2":{"start":{"line":47,"column":8},"end":{"line":47,"column":59}},"3":{"start":{"line":52,"column":8},"end":{"line":52,"column":92}},"4":{"start":{"line":54,"column":9},"end":{"line":54,"column":1510}}},"branchMap":{"1":{"line":43,"type":"if","locations":[{"start":{"line":43,"column":8},"end":{"line":43,"column":8}},{"start":{"line":43,"column":8},"end":{"line":43,"column":8}}]},"2":{"line":47,"type":"if","locations":[{"start":{"line":47,"column":8},"end":{"line":47,"column":8}},{"start":{"line":47,"column":8},"end":{"line":47,"column":8}}]},"3":{"line":52,"type":"if","locations":[{"start":{"line":52,"column":8},"end":{"line":52,"column":8}},{"start":{"line":52,"column":8},"end":{"line":52,"column":8}}]},"4":{"line":54,"type":"if","locations":[{"start":{"line":54,"column":9},"end":{"line":54,"column":9}},{"start":{"line":54,"column":9},"end":{"line":54,"column":9}}]}}}}